<?xml version="1.0" encoding="utf-8"?><testsuites><testsuite name="pytest" errors="0" failures="6" skipped="0" tests="6" time="3.348" timestamp="2023-12-16T23:46:50.377573" hostname="M-C02GC46PML87"><testcase classname="tests.test_slow" name="test_add[1-2-3]" time="1.009"><failure message="assert 4 == 3&#10; +  where 4 = add(1, 2)">a = 1, b = 2, expected = 3

    @pytest.mark.slow
    @pytest.mark.parametrize("a,b,expected",[
        (1, 2, 3),
        (2, 4, 6),
        (0, 0, 0)
    ])
    def test_add(a, b, expected):
&gt;       assert add(a, b) == expected
E       assert 4 == 3
E        +  where 4 = add(1, 2)

tests/test_slow.py:11: AssertionError</failure></testcase><testcase classname="tests.test_slow" name="test_add[2-4-6]" time="1.006"><failure message="assert 7 == 6&#10; +  where 7 = add(2, 4)">a = 2, b = 4, expected = 6

    @pytest.mark.slow
    @pytest.mark.parametrize("a,b,expected",[
        (1, 2, 3),
        (2, 4, 6),
        (0, 0, 0)
    ])
    def test_add(a, b, expected):
&gt;       assert add(a, b) == expected
E       assert 7 == 6
E        +  where 7 = add(2, 4)

tests/test_slow.py:11: AssertionError</failure></testcase><testcase classname="tests.test_slow" name="test_add[0-0-0]" time="1.005"><failure message="assert 1 == 0&#10; +  where 1 = add(0, 0)">a = 0, b = 0, expected = 0

    @pytest.mark.slow
    @pytest.mark.parametrize("a,b,expected",[
        (1, 2, 3),
        (2, 4, 6),
        (0, 0, 0)
    ])
    def test_add(a, b, expected):
&gt;       assert add(a, b) == expected
E       assert 1 == 0
E        +  where 1 = add(0, 0)

tests/test_slow.py:11: AssertionError</failure></testcase><testcase classname="tests.test_states_info" name="test_get_states_capital[uttar pradesh-lucknow]" time="0.001"><failure message="FileNotFoundError: [Errno 2] No such file or directory: '/Users/abhishek_bhatia-guva/personal/python-to-production-udemy/packaging/test-venv/lib/python3.11/site-packages/packaging_demo/states_capital.json'">state = 'uttar pradesh', capital = 'lucknow'

    @pytest.mark.parametrize("state,capital", [
        ("uttar pradesh", "lucknow"),
        ("maharashtra", "mumbai")
    ])
    def test_get_states_capital(state, capital):
&gt;       assert get_states_capital(state) == capital

tests/test_states_info.py:10: 
_ _ _ _ _ _ _ _ _ _ _ _ _ _ _ _ _ _ _ _ _ _ _ _ _ _ _ _ _ _ _ _ _ _ _ _ _ _ _ _ _ _ _ _ _ _ _ _ _ _ _ _ _ _ _ _ _ _ _ _ _ _ _ _ _ _ _ _ _ _ _ _
test-venv/lib/python3.11/site-packages/packaging_demo/states_info.py:11: in get_states_capital
    states_info: ty.List[ty.Dict[str, str]] = json.loads(STATES_INFO_FILE.read_text())
../../../.pyenv/versions/3.11.7/lib/python3.11/pathlib.py:1058: in read_text
    with self.open(mode='r', encoding=encoding, errors=errors) as f:
_ _ _ _ _ _ _ _ _ _ _ _ _ _ _ _ _ _ _ _ _ _ _ _ _ _ _ _ _ _ _ _ _ _ _ _ _ _ _ _ _ _ _ _ _ _ _ _ _ _ _ _ _ _ _ _ _ _ _ _ _ _ _ _ _ _ _ _ _ _ _ _

self = PosixPath('/Users/abhishek_bhatia-guva/personal/python-to-production-udemy/packaging/test-venv/lib/python3.11/site-packages/packaging_demo/states_capital.json')
mode = 'r', buffering = -1, encoding = 'locale', errors = None, newline = None

    def open(self, mode='r', buffering=-1, encoding=None,
             errors=None, newline=None):
        """
        Open the file pointed by this path and return a file object, as
        the built-in open() function does.
        """
        if "b" not in mode:
            encoding = io.text_encoding(encoding)
&gt;       return io.open(self, mode, buffering, encoding, errors, newline)
E       FileNotFoundError: [Errno 2] No such file or directory: '/Users/abhishek_bhatia-guva/personal/python-to-production-udemy/packaging/test-venv/lib/python3.11/site-packages/packaging_demo/states_capital.json'

../../../.pyenv/versions/3.11.7/lib/python3.11/pathlib.py:1044: FileNotFoundError</failure></testcase><testcase classname="tests.test_states_info" name="test_get_states_capital[maharashtra-mumbai]" time="0.001"><failure message="FileNotFoundError: [Errno 2] No such file or directory: '/Users/abhishek_bhatia-guva/personal/python-to-production-udemy/packaging/test-venv/lib/python3.11/site-packages/packaging_demo/states_capital.json'">state = 'maharashtra', capital = 'mumbai'

    @pytest.mark.parametrize("state,capital", [
        ("uttar pradesh", "lucknow"),
        ("maharashtra", "mumbai")
    ])
    def test_get_states_capital(state, capital):
&gt;       assert get_states_capital(state) == capital

tests/test_states_info.py:10: 
_ _ _ _ _ _ _ _ _ _ _ _ _ _ _ _ _ _ _ _ _ _ _ _ _ _ _ _ _ _ _ _ _ _ _ _ _ _ _ _ _ _ _ _ _ _ _ _ _ _ _ _ _ _ _ _ _ _ _ _ _ _ _ _ _ _ _ _ _ _ _ _
test-venv/lib/python3.11/site-packages/packaging_demo/states_info.py:11: in get_states_capital
    states_info: ty.List[ty.Dict[str, str]] = json.loads(STATES_INFO_FILE.read_text())
../../../.pyenv/versions/3.11.7/lib/python3.11/pathlib.py:1058: in read_text
    with self.open(mode='r', encoding=encoding, errors=errors) as f:
_ _ _ _ _ _ _ _ _ _ _ _ _ _ _ _ _ _ _ _ _ _ _ _ _ _ _ _ _ _ _ _ _ _ _ _ _ _ _ _ _ _ _ _ _ _ _ _ _ _ _ _ _ _ _ _ _ _ _ _ _ _ _ _ _ _ _ _ _ _ _ _

self = PosixPath('/Users/abhishek_bhatia-guva/personal/python-to-production-udemy/packaging/test-venv/lib/python3.11/site-packages/packaging_demo/states_capital.json')
mode = 'r', buffering = -1, encoding = 'locale', errors = None, newline = None

    def open(self, mode='r', buffering=-1, encoding=None,
             errors=None, newline=None):
        """
        Open the file pointed by this path and return a file object, as
        the built-in open() function does.
        """
        if "b" not in mode:
            encoding = io.text_encoding(encoding)
&gt;       return io.open(self, mode, buffering, encoding, errors, newline)
E       FileNotFoundError: [Errno 2] No such file or directory: '/Users/abhishek_bhatia-guva/personal/python-to-production-udemy/packaging/test-venv/lib/python3.11/site-packages/packaging_demo/states_capital.json'

../../../.pyenv/versions/3.11.7/lib/python3.11/pathlib.py:1044: FileNotFoundError</failure></testcase><testcase classname="tests.test_states_info" name="test_get_states_capital_unknown_state" time="0.001"><failure message="FileNotFoundError: [Errno 2] No such file or directory: '/Users/abhishek_bhatia-guva/personal/python-to-production-udemy/packaging/test-venv/lib/python3.11/site-packages/packaging_demo/states_capital.json'">def test_get_states_capital_unknown_state():
        with pytest.raises(ValueError):
&gt;           assert get_states_capital("ghaziabad")

tests/test_states_info.py:14: 
_ _ _ _ _ _ _ _ _ _ _ _ _ _ _ _ _ _ _ _ _ _ _ _ _ _ _ _ _ _ _ _ _ _ _ _ _ _ _ _ _ _ _ _ _ _ _ _ _ _ _ _ _ _ _ _ _ _ _ _ _ _ _ _ _ _ _ _ _ _ _ _
test-venv/lib/python3.11/site-packages/packaging_demo/states_info.py:11: in get_states_capital
    states_info: ty.List[ty.Dict[str, str]] = json.loads(STATES_INFO_FILE.read_text())
../../../.pyenv/versions/3.11.7/lib/python3.11/pathlib.py:1058: in read_text
    with self.open(mode='r', encoding=encoding, errors=errors) as f:
_ _ _ _ _ _ _ _ _ _ _ _ _ _ _ _ _ _ _ _ _ _ _ _ _ _ _ _ _ _ _ _ _ _ _ _ _ _ _ _ _ _ _ _ _ _ _ _ _ _ _ _ _ _ _ _ _ _ _ _ _ _ _ _ _ _ _ _ _ _ _ _

self = PosixPath('/Users/abhishek_bhatia-guva/personal/python-to-production-udemy/packaging/test-venv/lib/python3.11/site-packages/packaging_demo/states_capital.json')
mode = 'r', buffering = -1, encoding = 'locale', errors = None, newline = None

    def open(self, mode='r', buffering=-1, encoding=None,
             errors=None, newline=None):
        """
        Open the file pointed by this path and return a file object, as
        the built-in open() function does.
        """
        if "b" not in mode:
            encoding = io.text_encoding(encoding)
&gt;       return io.open(self, mode, buffering, encoding, errors, newline)
E       FileNotFoundError: [Errno 2] No such file or directory: '/Users/abhishek_bhatia-guva/personal/python-to-production-udemy/packaging/test-venv/lib/python3.11/site-packages/packaging_demo/states_capital.json'

../../../.pyenv/versions/3.11.7/lib/python3.11/pathlib.py:1044: FileNotFoundError</failure></testcase></testsuite></testsuites>